[0.005s] Invoking command in '/home/a/ssaa/acados_cpp/include/c_generated_code_cartpole_model/build/cartpole_model': VIRTUAL_ENV_PROMPT=(iac_cil_venv) /usr/bin/cmake /home/a/ssaa/acados_cpp/include/c_generated_code_cartpole_model -DCMAKE_INSTALL_PREFIX=/home/a/ssaa/acados_cpp/include/c_generated_code_cartpole_model/install/cartpole_model
[0.056s] -- The C compiler identification is GNU 11.4.0
[0.096s] -- The CXX compiler identification is GNU 11.4.0
[0.101s] -- Detecting C compiler ABI info
[0.188s] -- Detecting C compiler ABI info - done
[0.196s] -- Check for working C compiler: /usr/bin/cc - skipped
[0.197s] -- Detecting C compile features
[0.197s] -- Detecting C compile features - done
[0.198s] -- Detecting CXX compiler ABI info
[0.287s] -- Detecting CXX compiler ABI info - done
[0.291s] -- Check for working CXX compiler: /usr/bin/c++ - skipped
[0.291s] -- Detecting CXX compile features
[0.291s] -- Detecting CXX compile features - done
[0.292s] -- Configuring done
[0.296s] -- Generating done
[0.297s] -- Build files have been written to: /home/a/ssaa/acados_cpp/include/c_generated_code_cartpole_model/build/cartpole_model
[0.301s] Invoked command in '/home/a/ssaa/acados_cpp/include/c_generated_code_cartpole_model/build/cartpole_model' returned '0': VIRTUAL_ENV_PROMPT=(iac_cil_venv) /usr/bin/cmake /home/a/ssaa/acados_cpp/include/c_generated_code_cartpole_model -DCMAKE_INSTALL_PREFIX=/home/a/ssaa/acados_cpp/include/c_generated_code_cartpole_model/install/cartpole_model
[0.301s] Invoking command in '/home/a/ssaa/acados_cpp/include/c_generated_code_cartpole_model/build/cartpole_model': VIRTUAL_ENV_PROMPT=(iac_cil_venv) /usr/bin/cmake --build /home/a/ssaa/acados_cpp/include/c_generated_code_cartpole_model/build/cartpole_model -- -j32 -l32
[0.357s] [  6%] [32mBuilding C object CMakeFiles/model_cartpole_model.dir/cartpole_model_model/cartpole_model_impl_dae_fun_jac_x_xdot_z.c.o[0m
[0.360s] [ 12%] [32mBuilding C object CMakeFiles/ocp_cartpole_model.dir/cartpole_model_cost/cartpole_model_cost_y_0_fun_jac_ut_xt.c.o[0m
[0.360s] [ 18%] [32mBuilding C object CMakeFiles/ocp_cartpole_model.dir/cartpole_model_cost/cartpole_model_cost_y_fun.c.o[0m
[0.360s] [ 25%] [32mBuilding C object CMakeFiles/model_cartpole_model.dir/cartpole_model_model/cartpole_model_impl_dae_fun.c.o[0m
[0.360s] [ 31%] [32mBuilding C object CMakeFiles/ocp_cartpole_model.dir/cartpole_model_cost/cartpole_model_cost_y_hess.c.o[0m
[0.361s] [ 37%] [32mBuilding C object CMakeFiles/ocp_cartpole_model.dir/cartpole_model_cost/cartpole_model_cost_y_fun_jac_ut_xt.c.o[0m
[0.361s] [ 43%] [32mBuilding C object CMakeFiles/model_cartpole_model.dir/cartpole_model_model/cartpole_model_impl_dae_jac_x_xdot_u_z.c.o[0m
[0.361s] [ 50%] [32mBuilding C object CMakeFiles/ocp_cartpole_model.dir/cartpole_model_cost/cartpole_model_cost_y_0_fun.c.o[0m
[0.361s] [ 56%] [32mBuilding C object CMakeFiles/ocp_cartpole_model.dir/cartpole_model_cost/cartpole_model_cost_y_e_fun_jac_ut_xt.c.o[0m
[0.362s] [ 62%] [32mBuilding C object CMakeFiles/ocp_cartpole_model.dir/acados_solver_cartpole_model.c.o[0m
[0.362s] [ 68%] [32mBuilding C object CMakeFiles/sim_cartpole_model.dir/acados_sim_solver_cartpole_model.c.o[0m
[0.362s] [ 75%] [32mBuilding C object CMakeFiles/ocp_cartpole_model.dir/cartpole_model_cost/cartpole_model_cost_y_0_hess.c.o[0m
[0.362s] [ 81%] [32mBuilding C object CMakeFiles/ocp_cartpole_model.dir/cartpole_model_cost/cartpole_model_cost_y_e_fun.c.o[0m
[0.362s] [ 87%] [32mBuilding C object CMakeFiles/ocp_cartpole_model.dir/cartpole_model_cost/cartpole_model_cost_y_e_hess.c.o[0m
[0.395s] [ 87%] Built target sim_cartpole_model
[0.396s] [ 87%] Built target model_cartpole_model
[0.414s] [ 87%] Built target ocp_cartpole_model
[0.432s] [ 93%] [32mBuilding C object CMakeFiles/main_cartpole_model.dir/main_cartpole_model.c.o[0m
[0.470s] [100%] [32m[1mLinking C executable main_cartpole_model[0m
[0.525s] [100%] Built target main_cartpole_model
[0.536s] Invoked command in '/home/a/ssaa/acados_cpp/include/c_generated_code_cartpole_model/build/cartpole_model' returned '0': VIRTUAL_ENV_PROMPT=(iac_cil_venv) /usr/bin/cmake --build /home/a/ssaa/acados_cpp/include/c_generated_code_cartpole_model/build/cartpole_model -- -j32 -l32
[0.551s] Invoking command in '/home/a/ssaa/acados_cpp/include/c_generated_code_cartpole_model/build/cartpole_model': VIRTUAL_ENV_PROMPT=(iac_cil_venv) /usr/bin/cmake --install /home/a/ssaa/acados_cpp/include/c_generated_code_cartpole_model/build/cartpole_model
[0.558s] -- Install configuration: ""
[0.559s] -- Installing: /home/a/ssaa/acados_cpp/include/c_generated_code_cartpole_model/install/cartpole_model/main_cartpole_model
[0.559s] -- Set runtime path of "/home/a/ssaa/acados_cpp/include/c_generated_code_cartpole_model/install/cartpole_model/main_cartpole_model" to ""
[0.562s] Invoked command in '/home/a/ssaa/acados_cpp/include/c_generated_code_cartpole_model/build/cartpole_model' returned '0': VIRTUAL_ENV_PROMPT=(iac_cil_venv) /usr/bin/cmake --install /home/a/ssaa/acados_cpp/include/c_generated_code_cartpole_model/build/cartpole_model
